2021-03-17 20:53:34.758152-/log
2021-03-17 20:54:30.911789-/justweather
2021-03-17 20:55:18.116701-/
2021-03-18 02:25:42.683814-/callClient
2021-03-18 02:29:15.246118-/callClient
2021-03-18 02:30:09.762622-/callClient
2021-03-18 02:30:12.730051-/callClient
2021-03-18 02:30:14.228529-/callClient
2021-03-18 02:30:43.322407-/callClient
2021-03-18 02:30:45.134526-/callClient
2021-03-18 02:32:13.033169-/callClient
2021-03-18 02:52:49.833624-/insertStudent
02:58:38-/insertStudent
2021-03-18 03:01:38.192311-/insertStudent
2021-03-18 03:18:46.195520-/insertStudent
2021-03-18 03:19:05.133273-/insertStudent
2021-03-18 11:00:11.036768-/
2021-03-18 11:00:49.767244-/log
2021-03-18 11:00:59.353216-/ping
2021-03-18 11:01:20.016983-/justweather
2021-03-18 11:01:37.845392-/justweather
2021-03-18 11:03:09.106561-/justweather
2021-03-18 11:04:35.524763-/justweather
2021-03-18 11:18:42.175210-/
2021-03-18 11:20:24.637942-/ip
2021-03-18 11:24:37.278207-/students
2021-03-18 11:36:17.576788-/students
2021-03-18 11:38:35.742174-/students
2021-03-18 11:40:47.673576-/callClient
2021-03-18 11:41:44.477983-/ip
2021-03-18 11:41:59.774164-/ping
2021-03-18 11:42:14.475892-/updates
2021-03-18 11:43:45.570397-/justweather
2021-03-18 11:44:29.819262-/students
2021-03-18 11:45:03.309393-/students
2021-03-18 11:45:11.351075-/students
2021-03-18 11:55:24.192788-/insertStudent
2021-03-18 11:56:39.178887-/insertStudent
2021-03-18 12:02:27.172352-/
2021-03-18 12:03:24.384934-/insertStudent
2021-03-18 12:09:14.142646-/students
2021-03-18 12:10:36.927423-/students
2021-03-18 12:10:59.702568-/justweather
2021-03-18 12:11:14.504742-/updates
2021-03-18 12:11:40.436402-/ping
2021-03-18 12:11:55.369417-/log
2021-03-18 12:14:01.802459-/ip
2021-03-18 19:57:11.731374-/
2021-03-18 19:58:12.439496-/insertStudent
2021-03-18 21:20:40.922078-/students
2021-03-18 21:28:32.190914-/students
2021-03-18 22:18:57.870792-/students
2021-03-25 10:48:56.741722-/
2021-03-25 10:49:06.250253-/
2021-03-25 10:49:23.024252-/justweather
2021-03-25 10:49:46.926363-/updates
2021-03-25 10:51:02.998128-/justweather
2021-03-25 10:52:56.768080-/justweather
2021-03-25 10:53:04.253264-/justweather
2021-03-25 10:58:20.197502-/callClient
2021-03-25 11:03:00.014457-/insertStudent
2021-03-25 11:03:55.264325-/ping
2021-03-25 11:04:24.265145-/students
2021-03-25 11:05:25.529104-/hprose
2021-03-25 11:09:31.746174-/justweather
2021-03-25 11:25:21.845693-/justweather
2021-03-25 11:25:42.519485-/justweather
2021-03-25 11:25:59.615330-/updates
2021-03-25 11:26:45.561688-/callClient
2021-03-25 11:27:28.426354-/insertStudent
2021-03-25 11:27:46.655217-/ping
2021-03-25 11:28:04.173154-/hprose
2021-03-25 11:31:56.744085-/ping
